<?xml version="1.0" encoding="UTF-8"?>
<!-- Generated by org.testng.reporters.JUnitXMLReporter -->
<testsuite hostname="SACHU-PC" name="Test" tests="31" failures="0" timestamp="26 Jul 2019 11:18:33 GMT" time="0.225" errors="0">
  <testcase name="@BeforeSuite SetUpEnvLogin" time="0.0" classname="com.AdminLTE_Test.LoginTest">
    <failure type="org.openqa.selenium.remote.UnreachableBrowserException" message="Could not start a new session. Possible causes are invalid address of the remote server or browser start-up failure.
Build info: version: &amp;apos;2.52.0&amp;apos;, revision: &amp;apos;4c2593c&amp;apos;, time: &amp;apos;2016-02-11 19:06:42&amp;apos;
System info: host: &amp;apos;SACHU-PC&amp;apos;, ip: &amp;apos;192.168.0.147&amp;apos;, os.name: &amp;apos;Windows 7&amp;apos;, os.arch: &amp;apos;amd64&amp;apos;, os.version: &amp;apos;6.1&amp;apos;, java.version: &amp;apos;1.8.0_191&amp;apos;
Driver info: driver.version: ChromeDriver">
      <![CDATA[org.openqa.selenium.remote.UnreachableBrowserException: Could not start a new session. Possible causes are invalid address of the remote server or browser start-up failure.
Build info: version: '2.52.0', revision: '4c2593c', time: '2016-02-11 19:06:42'
System info: host: 'SACHU-PC', ip: '192.168.0.147', os.name: 'Windows 7', os.arch: 'amd64', os.version: '6.1', java.version: '1.8.0_191'
Driver info: driver.version: ChromeDriver
	at org.openqa.selenium.remote.RemoteWebDriver.execute(RemoteWebDriver.java:665)
	at org.openqa.selenium.remote.RemoteWebDriver.startSession(RemoteWebDriver.java:249)
	at org.openqa.selenium.remote.RemoteWebDriver.<init>(RemoteWebDriver.java:131)
	at org.openqa.selenium.remote.RemoteWebDriver.<init>(RemoteWebDriver.java:144)
	at org.openqa.selenium.chrome.ChromeDriver.<init>(ChromeDriver.java:170)
	at org.openqa.selenium.chrome.ChromeDriver.<init>(ChromeDriver.java:159)
	at org.openqa.selenium.chrome.ChromeDriver.<init>(ChromeDriver.java:116)
	at com.AdminLTE_Test.DriverLuncher.SetUpEnv(DriverLuncher.java:27)
	at com.AdminLTE_Test.LoginTest.SetUpEnvLogin(LoginTest.java:31)
Caused by: java.lang.IllegalStateException: The process has not exited yet therefore no result is available ...
	at org.apache.commons.exec.DefaultExecuteResultHandler.getException(DefaultExecuteResultHandler.java:76)
	at org.openqa.selenium.os.UnixProcess.checkForError(UnixProcess.java:171)
	at org.openqa.selenium.os.CommandLine.checkForError(CommandLine.java:185)
	at org.openqa.selenium.remote.service.DriverService.waitUntilAvailable(DriverService.java:177)
	at org.openqa.selenium.remote.service.DriverService.start(DriverService.java:166)
	at org.openqa.selenium.remote.service.DriverCommandExecutor.execute(DriverCommandExecutor.java:78)
	at org.openqa.selenium.remote.RemoteWebDriver.execute(RemoteWebDriver.java:644)
	... 26 more
... Removed 18 stack frames]]>
    </failure>
  </testcase> <!-- @BeforeSuite SetUpEnvLogin -->
  <testcase name="TestTitle" time="0.002" classname="com.AdminLTE_Test.LoginTest">
    <skipped/>
  </testcase> <!-- TestTitle -->
  <testcase name="TestCheckTitle" time="0.004" classname="com.AdminLTE_Test.LoginTest">
    <skipped/>
  </testcase> <!-- TestCheckTitle -->
  <testcase name="LoginLogoDisplayed" time="0.001" classname="com.AdminLTE_Test.LoginTest">
    <skipped/>
  </testcase> <!-- LoginLogoDisplayed -->
  <testcase name="LoginLogotext" time="0.001" classname="com.AdminLTE_Test.LoginTest">
    <skipped/>
  </testcase> <!-- LoginLogotext -->
  <testcase name="LoginBoxMsg" time="0.002" classname="com.AdminLTE_Test.LoginTest">
    <skipped/>
  </testcase> <!-- LoginBoxMsg -->
  <testcase name="EmailPlaceholderMsg" time="0.001" classname="com.AdminLTE_Test.LoginTest">
    <skipped/>
  </testcase> <!-- EmailPlaceholderMsg -->
  <testcase name="PasswordPlaceholderMsg" time="0.001" classname="com.AdminLTE_Test.LoginTest">
    <skipped/>
  </testcase> <!-- PasswordPlaceholderMsg -->
  <testcase name="BlankLogin" time="0.001" classname="com.AdminLTE_Test.LoginTest">
    <skipped/>
  </testcase> <!-- BlankLogin -->
  <testcase name="InvalidLogin" time="0.005" classname="com.AdminLTE_Test.LoginTest">
    <skipped/>
  </testcase> <!-- InvalidLogin -->
  <testcase name="EmailErrorMsg" time="0.001" classname="com.AdminLTE_Test.LoginTest">
    <skipped/>
  </testcase> <!-- EmailErrorMsg -->
  <testcase name="PasswordErrorMsg" time="0.001" classname="com.AdminLTE_Test.LoginTest">
    <skipped/>
  </testcase> <!-- PasswordErrorMsg -->
  <testcase name="test_Background_Color" time="0.002" classname="com.AdminLTE_Test.LoginTest">
    <skipped/>
  </testcase> <!-- test_Background_Color -->
  <testcase name="BlankEmailInvalidPassword" time="0.001" classname="com.AdminLTE_Test.LoginTest">
    <skipped/>
  </testcase> <!-- BlankEmailInvalidPassword -->
  <testcase name="InvalidEmailBlankPassword" time="0.002" classname="com.AdminLTE_Test.LoginTest">
    <skipped/>
  </testcase> <!-- InvalidEmailBlankPassword -->
  <testcase name="ValidEmailInvalidPassword" time="0.002" classname="com.AdminLTE_Test.LoginTest">
    <skipped/>
  </testcase> <!-- ValidEmailInvalidPassword -->
  <testcase name="InvalidEmailValidPassword" time="0.002" classname="com.AdminLTE_Test.LoginTest">
    <skipped/>
  </testcase> <!-- InvalidEmailValidPassword -->
  <testcase name="testValidEmailValidPassword" time="0.002" classname="com.AdminLTE_Test.LoginTest">
    <skipped/>
  </testcase> <!-- testValidEmailValidPassword -->
  <testcase name="getCurrentTitle" time="0.001" classname="com.AdminLTE_Test.LoginTest">
    <skipped/>
  </testcase> <!-- getCurrentTitle -->
  <testcase name="copyrightLogo" time="0.002" classname="com.AdminLTE_Test.LoginTest">
    <skipped/>
  </testcase> <!-- copyrightLogo -->
  <testcase name="CheckUserPanel" time="0.01" classname="com.AdminLTE_Test.LoginTest">
    <skipped/>
  </testcase> <!-- CheckUserPanel -->
  <testcase name="test_Background_Color_User_Registration" time="0.001" classname="com.AdminLTE_Test.LoginTest">
    <skipped/>
  </testcase> <!-- test_Background_Color_User_Registration -->
  <testcase name="test_Background_Color_New_Orders" time="0.002" classname="com.AdminLTE_Test.LoginTest">
    <skipped/>
  </testcase> <!-- test_Background_Color_New_Orders -->
  <testcase name="test_Background_Color_BounceRate" time="0.001" classname="com.AdminLTE_Test.LoginTest">
    <skipped/>
  </testcase> <!-- test_Background_Color_BounceRate -->
  <testcase name="test_Background_Color_UniqueVisitor" time="0.001" classname="com.AdminLTE_Test.LoginTest">
    <skipped/>
  </testcase> <!-- test_Background_Color_UniqueVisitor -->
  <testcase name="test_usersButton" time="0.001" classname="com.AdminLTE_Test.LoginTest">
    <skipped/>
  </testcase> <!-- test_usersButton -->
  <testcase name="printUsersTable" time="0.002" classname="com.AdminLTE_Test.LoginTest">
    <skipped/>
  </testcase> <!-- printUsersTable -->
  <testcase name="Chick_AddUser_Button" time="0.046" classname="com.AdminLTE_Test.LoginTest">
    <skipped/>
  </testcase> <!-- Chick_AddUser_Button -->
  <testcase name="check_AddUser_Lable" time="0.001" classname="com.AdminLTE_Test.LoginTest">
    <skipped/>
  </testcase> <!-- check_AddUser_Lable -->
  <testcase name="horizontal_Form_Lable" time="0.022" classname="com.AdminLTE_Test.LoginTest">
    <skipped/>
  </testcase> <!-- horizontal_Form_Lable -->
  <testcase name="Username_Placeholder" time="0.001" classname="com.AdminLTE_Test.LoginTest">
    <skipped/>
  </testcase> <!-- Username_Placeholder -->
  <testcase name="addUser_Form_Fill" time="0.003" classname="com.AdminLTE_Test.LoginTest">
    <skipped/>
  </testcase> <!-- addUser_Form_Fill -->
</testsuite> <!-- Test -->
