<?xml version="1.0" encoding="UTF-8"?>
<testng-results skipped="31" failed="0" total="31" passed="0">
  <reporter-output>
  </reporter-output>
  <suite name="Suite" duration-ms="225" started-at="2019-07-26T11:18:32Z" finished-at="2019-07-26T11:18:32Z">
    <groups>
    </groups>
    <test name="Test" duration-ms="225" started-at="2019-07-26T11:18:32Z" finished-at="2019-07-26T11:18:32Z">
      <class name="com.AdminLTE_Test.LoginTest">
        <test-method status="FAIL" signature="SetUpEnvLogin()[pri:0, instance:com.AdminLTE_Test.LoginTest@7c0e2abd]" name="SetUpEnvLogin" is-config="true" duration-ms="0" started-at="2019-07-26T16:47:57Z" finished-at="2019-07-26T16:47:57Z">
          <exception class="org.openqa.selenium.remote.UnreachableBrowserException">
            <message>
              <![CDATA[Could not start a new session. Possible causes are invalid address of the remote server or browser start-up failure.
Build info: version: '2.52.0', revision: '4c2593c', time: '2016-02-11 19:06:42'
System info: host: 'SACHU-PC', ip: '192.168.0.147', os.name: 'Windows 7', os.arch: 'amd64', os.version: '6.1', java.version: '1.8.0_191'
Driver info: driver.version: ChromeDriver]]>
            </message>
            <full-stacktrace>
              <![CDATA[org.openqa.selenium.remote.UnreachableBrowserException: Could not start a new session. Possible causes are invalid address of the remote server or browser start-up failure.
Build info: version: '2.52.0', revision: '4c2593c', time: '2016-02-11 19:06:42'
System info: host: 'SACHU-PC', ip: '192.168.0.147', os.name: 'Windows 7', os.arch: 'amd64', os.version: '6.1', java.version: '1.8.0_191'
Driver info: driver.version: ChromeDriver
	at org.openqa.selenium.remote.RemoteWebDriver.execute(RemoteWebDriver.java:665)
	at org.openqa.selenium.remote.RemoteWebDriver.startSession(RemoteWebDriver.java:249)
	at org.openqa.selenium.remote.RemoteWebDriver.<init>(RemoteWebDriver.java:131)
	at org.openqa.selenium.remote.RemoteWebDriver.<init>(RemoteWebDriver.java:144)
	at org.openqa.selenium.chrome.ChromeDriver.<init>(ChromeDriver.java:170)
	at org.openqa.selenium.chrome.ChromeDriver.<init>(ChromeDriver.java:159)
	at org.openqa.selenium.chrome.ChromeDriver.<init>(ChromeDriver.java:116)
	at com.AdminLTE_Test.DriverLuncher.SetUpEnv(DriverLuncher.java:27)
	at com.AdminLTE_Test.LoginTest.SetUpEnvLogin(LoginTest.java:31)
	at sun.reflect.NativeMethodAccessorImpl.invoke0(Native Method)
	at sun.reflect.NativeMethodAccessorImpl.invoke(NativeMethodAccessorImpl.java:62)
	at sun.reflect.DelegatingMethodAccessorImpl.invoke(DelegatingMethodAccessorImpl.java:43)
	at java.lang.reflect.Method.invoke(Method.java:498)
	at org.testng.internal.MethodInvocationHelper.invokeMethod(MethodInvocationHelper.java:85)
	at org.testng.internal.Invoker.invokeConfigurationMethod(Invoker.java:510)
	at org.testng.internal.Invoker.invokeConfigurations(Invoker.java:211)
	at org.testng.internal.Invoker.invokeConfigurations(Invoker.java:138)
	at org.testng.SuiteRunner.privateRun(SuiteRunner.java:298)
	at org.testng.SuiteRunner.run(SuiteRunner.java:261)
	at org.testng.SuiteRunnerWorker.runSuite(SuiteRunnerWorker.java:52)
	at org.testng.SuiteRunnerWorker.run(SuiteRunnerWorker.java:86)
	at org.testng.TestNG.runSuitesSequentially(TestNG.java:1215)
	at org.testng.TestNG.runSuitesLocally(TestNG.java:1140)
	at org.testng.TestNG.run(TestNG.java:1048)
	at org.testng.remote.AbstractRemoteTestNG.run(AbstractRemoteTestNG.java:114)
	at org.testng.remote.RemoteTestNG.initAndRun(RemoteTestNG.java:251)
	at org.testng.remote.RemoteTestNG.main(RemoteTestNG.java:77)
Caused by: java.lang.IllegalStateException: The process has not exited yet therefore no result is available ...
	at org.apache.commons.exec.DefaultExecuteResultHandler.getException(DefaultExecuteResultHandler.java:76)
	at org.openqa.selenium.os.UnixProcess.checkForError(UnixProcess.java:171)
	at org.openqa.selenium.os.CommandLine.checkForError(CommandLine.java:185)
	at org.openqa.selenium.remote.service.DriverService.waitUntilAvailable(DriverService.java:177)
	at org.openqa.selenium.remote.service.DriverService.start(DriverService.java:166)
	at org.openqa.selenium.remote.service.DriverCommandExecutor.execute(DriverCommandExecutor.java:78)
	at org.openqa.selenium.remote.RemoteWebDriver.execute(RemoteWebDriver.java:644)
	... 26 more
]]>
            </full-stacktrace>
          </exception> <!-- org.openqa.selenium.remote.UnreachableBrowserException -->
          <reporter-output>
          </reporter-output>
        </test-method> <!-- SetUpEnvLogin -->
        <test-method status="SKIP" signature="TestTitle()[pri:1, instance:com.AdminLTE_Test.LoginTest@7c0e2abd]" name="TestTitle" duration-ms="2" started-at="2019-07-26T16:48:32Z" finished-at="2019-07-26T16:48:32Z">
          <reporter-output>
          </reporter-output>
        </test-method> <!-- TestTitle -->
        <test-method status="SKIP" signature="TestCheckTitle()[pri:2, instance:com.AdminLTE_Test.LoginTest@7c0e2abd]" name="TestCheckTitle" duration-ms="4" started-at="2019-07-26T16:48:32Z" finished-at="2019-07-26T16:48:32Z">
          <reporter-output>
          </reporter-output>
        </test-method> <!-- TestCheckTitle -->
        <test-method status="SKIP" signature="LoginLogoDisplayed()[pri:3, instance:com.AdminLTE_Test.LoginTest@7c0e2abd]" name="LoginLogoDisplayed" duration-ms="1" started-at="2019-07-26T16:48:32Z" finished-at="2019-07-26T16:48:32Z">
          <reporter-output>
          </reporter-output>
        </test-method> <!-- LoginLogoDisplayed -->
        <test-method status="SKIP" signature="LoginLogotext()[pri:4, instance:com.AdminLTE_Test.LoginTest@7c0e2abd]" name="LoginLogotext" duration-ms="1" started-at="2019-07-26T16:48:32Z" finished-at="2019-07-26T16:48:32Z">
          <reporter-output>
          </reporter-output>
        </test-method> <!-- LoginLogotext -->
        <test-method status="SKIP" signature="LoginBoxMsg()[pri:5, instance:com.AdminLTE_Test.LoginTest@7c0e2abd]" name="LoginBoxMsg" duration-ms="2" started-at="2019-07-26T16:48:32Z" finished-at="2019-07-26T16:48:32Z">
          <reporter-output>
          </reporter-output>
        </test-method> <!-- LoginBoxMsg -->
        <test-method status="SKIP" signature="EmailPlaceholderMsg()[pri:6, instance:com.AdminLTE_Test.LoginTest@7c0e2abd]" name="EmailPlaceholderMsg" duration-ms="1" started-at="2019-07-26T16:48:32Z" finished-at="2019-07-26T16:48:32Z">
          <reporter-output>
          </reporter-output>
        </test-method> <!-- EmailPlaceholderMsg -->
        <test-method status="SKIP" signature="PasswordPlaceholderMsg()[pri:7, instance:com.AdminLTE_Test.LoginTest@7c0e2abd]" name="PasswordPlaceholderMsg" duration-ms="1" started-at="2019-07-26T16:48:32Z" finished-at="2019-07-26T16:48:32Z">
          <reporter-output>
          </reporter-output>
        </test-method> <!-- PasswordPlaceholderMsg -->
        <test-method status="SKIP" signature="BlankLogin()[pri:8, instance:com.AdminLTE_Test.LoginTest@7c0e2abd]" name="BlankLogin" duration-ms="1" started-at="2019-07-26T16:48:32Z" finished-at="2019-07-26T16:48:32Z">
          <reporter-output>
          </reporter-output>
        </test-method> <!-- BlankLogin -->
        <test-method status="SKIP" signature="InvalidLogin()[pri:9, instance:com.AdminLTE_Test.LoginTest@7c0e2abd]" name="InvalidLogin" duration-ms="5" started-at="2019-07-26T16:48:32Z" finished-at="2019-07-26T16:48:32Z">
          <reporter-output>
          </reporter-output>
        </test-method> <!-- InvalidLogin -->
        <test-method status="SKIP" signature="EmailErrorMsg()[pri:10, instance:com.AdminLTE_Test.LoginTest@7c0e2abd]" name="EmailErrorMsg" duration-ms="1" started-at="2019-07-26T16:48:32Z" finished-at="2019-07-26T16:48:32Z">
          <reporter-output>
          </reporter-output>
        </test-method> <!-- EmailErrorMsg -->
        <test-method status="SKIP" signature="PasswordErrorMsg()[pri:11, instance:com.AdminLTE_Test.LoginTest@7c0e2abd]" name="PasswordErrorMsg" duration-ms="1" started-at="2019-07-26T16:48:32Z" finished-at="2019-07-26T16:48:32Z">
          <reporter-output>
          </reporter-output>
        </test-method> <!-- PasswordErrorMsg -->
        <test-method status="SKIP" signature="test_Background_Color()[pri:12, instance:com.AdminLTE_Test.LoginTest@7c0e2abd]" name="test_Background_Color" duration-ms="2" started-at="2019-07-26T16:48:32Z" finished-at="2019-07-26T16:48:32Z">
          <reporter-output>
          </reporter-output>
        </test-method> <!-- test_Background_Color -->
        <test-method status="SKIP" signature="BlankEmailInvalidPassword()[pri:13, instance:com.AdminLTE_Test.LoginTest@7c0e2abd]" name="BlankEmailInvalidPassword" duration-ms="1" started-at="2019-07-26T16:48:32Z" finished-at="2019-07-26T16:48:32Z">
          <reporter-output>
          </reporter-output>
        </test-method> <!-- BlankEmailInvalidPassword -->
        <test-method status="SKIP" signature="InvalidEmailBlankPassword()[pri:14, instance:com.AdminLTE_Test.LoginTest@7c0e2abd]" name="InvalidEmailBlankPassword" duration-ms="2" started-at="2019-07-26T16:48:32Z" finished-at="2019-07-26T16:48:32Z">
          <reporter-output>
          </reporter-output>
        </test-method> <!-- InvalidEmailBlankPassword -->
        <test-method status="SKIP" signature="ValidEmailInvalidPassword()[pri:15, instance:com.AdminLTE_Test.LoginTest@7c0e2abd]" name="ValidEmailInvalidPassword" duration-ms="2" started-at="2019-07-26T16:48:32Z" finished-at="2019-07-26T16:48:32Z">
          <reporter-output>
          </reporter-output>
        </test-method> <!-- ValidEmailInvalidPassword -->
        <test-method status="SKIP" signature="InvalidEmailValidPassword()[pri:16, instance:com.AdminLTE_Test.LoginTest@7c0e2abd]" name="InvalidEmailValidPassword" duration-ms="2" started-at="2019-07-26T16:48:32Z" finished-at="2019-07-26T16:48:32Z">
          <reporter-output>
          </reporter-output>
        </test-method> <!-- InvalidEmailValidPassword -->
        <test-method status="SKIP" signature="testValidEmailValidPassword()[pri:17, instance:com.AdminLTE_Test.LoginTest@7c0e2abd]" name="testValidEmailValidPassword" duration-ms="2" started-at="2019-07-26T16:48:32Z" finished-at="2019-07-26T16:48:32Z">
          <reporter-output>
          </reporter-output>
        </test-method> <!-- testValidEmailValidPassword -->
        <test-method status="SKIP" signature="getCurrentTitle()[pri:18, instance:com.AdminLTE_Test.LoginTest@7c0e2abd]" name="getCurrentTitle" duration-ms="1" started-at="2019-07-26T16:48:32Z" finished-at="2019-07-26T16:48:32Z">
          <reporter-output>
          </reporter-output>
        </test-method> <!-- getCurrentTitle -->
        <test-method status="SKIP" signature="copyrightLogo()[pri:19, instance:com.AdminLTE_Test.LoginTest@7c0e2abd]" name="copyrightLogo" duration-ms="2" started-at="2019-07-26T16:48:32Z" finished-at="2019-07-26T16:48:32Z">
          <reporter-output>
          </reporter-output>
        </test-method> <!-- copyrightLogo -->
        <test-method status="SKIP" signature="CheckUserPanel()[pri:20, instance:com.AdminLTE_Test.LoginTest@7c0e2abd]" name="CheckUserPanel" duration-ms="10" started-at="2019-07-26T16:48:32Z" finished-at="2019-07-26T16:48:32Z">
          <reporter-output>
          </reporter-output>
        </test-method> <!-- CheckUserPanel -->
        <test-method status="SKIP" signature="test_Background_Color_User_Registration()[pri:21, instance:com.AdminLTE_Test.LoginTest@7c0e2abd]" name="test_Background_Color_User_Registration" duration-ms="1" started-at="2019-07-26T16:48:32Z" finished-at="2019-07-26T16:48:32Z">
          <reporter-output>
          </reporter-output>
        </test-method> <!-- test_Background_Color_User_Registration -->
        <test-method status="SKIP" signature="test_Background_Color_New_Orders()[pri:22, instance:com.AdminLTE_Test.LoginTest@7c0e2abd]" name="test_Background_Color_New_Orders" duration-ms="2" started-at="2019-07-26T16:48:32Z" finished-at="2019-07-26T16:48:32Z">
          <reporter-output>
          </reporter-output>
        </test-method> <!-- test_Background_Color_New_Orders -->
        <test-method status="SKIP" signature="test_Background_Color_BounceRate()[pri:23, instance:com.AdminLTE_Test.LoginTest@7c0e2abd]" name="test_Background_Color_BounceRate" duration-ms="1" started-at="2019-07-26T16:48:32Z" finished-at="2019-07-26T16:48:32Z">
          <reporter-output>
          </reporter-output>
        </test-method> <!-- test_Background_Color_BounceRate -->
        <test-method status="SKIP" signature="test_Background_Color_UniqueVisitor()[pri:24, instance:com.AdminLTE_Test.LoginTest@7c0e2abd]" name="test_Background_Color_UniqueVisitor" duration-ms="1" started-at="2019-07-26T16:48:32Z" finished-at="2019-07-26T16:48:32Z">
          <reporter-output>
          </reporter-output>
        </test-method> <!-- test_Background_Color_UniqueVisitor -->
        <test-method status="SKIP" signature="test_usersButton()[pri:25, instance:com.AdminLTE_Test.LoginTest@7c0e2abd]" name="test_usersButton" duration-ms="1" started-at="2019-07-26T16:48:32Z" finished-at="2019-07-26T16:48:32Z">
          <reporter-output>
          </reporter-output>
        </test-method> <!-- test_usersButton -->
        <test-method status="SKIP" signature="printUsersTable()[pri:26, instance:com.AdminLTE_Test.LoginTest@7c0e2abd]" name="printUsersTable" duration-ms="2" started-at="2019-07-26T16:48:32Z" finished-at="2019-07-26T16:48:32Z">
          <reporter-output>
          </reporter-output>
        </test-method> <!-- printUsersTable -->
        <test-method status="SKIP" signature="Chick_AddUser_Button()[pri:27, instance:com.AdminLTE_Test.LoginTest@7c0e2abd]" name="Chick_AddUser_Button" duration-ms="46" started-at="2019-07-26T16:48:32Z" finished-at="2019-07-26T16:48:32Z">
          <reporter-output>
          </reporter-output>
        </test-method> <!-- Chick_AddUser_Button -->
        <test-method status="SKIP" signature="check_AddUser_Lable()[pri:28, instance:com.AdminLTE_Test.LoginTest@7c0e2abd]" name="check_AddUser_Lable" duration-ms="1" started-at="2019-07-26T16:48:32Z" finished-at="2019-07-26T16:48:32Z">
          <reporter-output>
          </reporter-output>
        </test-method> <!-- check_AddUser_Lable -->
        <test-method status="SKIP" signature="horizontal_Form_Lable()[pri:29, instance:com.AdminLTE_Test.LoginTest@7c0e2abd]" name="horizontal_Form_Lable" duration-ms="22" started-at="2019-07-26T16:48:32Z" finished-at="2019-07-26T16:48:32Z">
          <reporter-output>
          </reporter-output>
        </test-method> <!-- horizontal_Form_Lable -->
        <test-method status="SKIP" signature="Username_Placeholder()[pri:30, instance:com.AdminLTE_Test.LoginTest@7c0e2abd]" name="Username_Placeholder" duration-ms="1" started-at="2019-07-26T16:48:32Z" finished-at="2019-07-26T16:48:32Z">
          <reporter-output>
          </reporter-output>
        </test-method> <!-- Username_Placeholder -->
        <test-method status="SKIP" signature="addUser_Form_Fill()[pri:31, instance:com.AdminLTE_Test.LoginTest@7c0e2abd]" name="addUser_Form_Fill" duration-ms="3" started-at="2019-07-26T16:48:32Z" finished-at="2019-07-26T16:48:32Z">
          <reporter-output>
          </reporter-output>
        </test-method> <!-- addUser_Form_Fill -->
        <test-method status="SKIP" signature="CloseEnv()[pri:0, instance:com.AdminLTE_Test.LoginTest@7c0e2abd]" name="CloseEnv" is-config="true" duration-ms="0" started-at="2019-07-26T16:48:33Z" finished-at="2019-07-26T16:48:33Z">
          <reporter-output>
          </reporter-output>
        </test-method> <!-- CloseEnv -->
      </class> <!-- com.AdminLTE_Test.LoginTest -->
    </test> <!-- Test -->
  </suite> <!-- Suite -->
</testng-results>
