<?xml version="1.0" encoding="UTF-8"?>
<!-- Generated by org.testng.reporters.JUnitReportReporter -->
<testsuite hostname="SACHU-PC" name="com.AdminLTE_Test.TestNGListener" tests="22" failures="1" timestamp="3 Jun 2019 07:27:01 GMT" time="6.933" errors="0">
  <testcase name="InvalidLogin" time="0.267" classname="com.AdminLTE_Test.TestNGListener"/>
  <testcase name="TestCheckTitle" time="0.015" classname="com.AdminLTE_Test.TestNGListener"/>
  <testcase name="LoginLogoDisplayed" time="0.054" classname="com.AdminLTE_Test.TestNGListener"/>
  <testcase name="BlankLogin" time="2.336" classname="com.AdminLTE_Test.TestNGListener"/>
  <testcase name="copyrightLogo" time="0.058" classname="com.AdminLTE_Test.TestNGListener"/>
  <testcase name="InvalidEmailValidPassword" time="0.337" classname="com.AdminLTE_Test.TestNGListener"/>
  <testcase name="getCurrentTitle" time="0.016" classname="com.AdminLTE_Test.TestNGListener"/>
  <testcase name="testValidEmailValidPassword" time="1.784" classname="com.AdminLTE_Test.TestNGListener"/>
  <testcase name="PasswordErrorMsg" time="0.329" classname="com.AdminLTE_Test.TestNGListener"/>
  <testcase name="test_Background_Color_New_Orders" time="0.086" classname="com.AdminLTE_Test.TestNGListener"/>
  <testcase name="LoginBoxMsg" time="0.052" classname="com.AdminLTE_Test.TestNGListener">
    <failure type="java.lang.AssertionError" message="expected [Sign in to start your session sachin] but found [Sign in to start your session]">
      <![CDATA[java.lang.AssertionError: expected [Sign in to start your session sachin] but found [Sign in to start your session]
	at org.testng.Assert.fail(Assert.java:94)
	at org.testng.Assert.failNotEquals(Assert.java:496)
	at org.testng.Assert.assertEquals(Assert.java:125)
	at org.testng.Assert.assertEquals(Assert.java:178)
	at org.testng.Assert.assertEquals(Assert.java:188)
	at com.AdminLTE_Test.LoginTest.LoginBoxMsg(LoginTest.java:84)
	at sun.reflect.NativeMethodAccessorImpl.invoke0(Native Method)
	at sun.reflect.NativeMethodAccessorImpl.invoke(NativeMethodAccessorImpl.java:62)
	at sun.reflect.DelegatingMethodAccessorImpl.invoke(DelegatingMethodAccessorImpl.java:43)
	at java.lang.reflect.Method.invoke(Method.java:498)
	at org.testng.internal.MethodInvocationHelper.invokeMethod(MethodInvocationHelper.java:85)
	at org.testng.internal.Invoker.invokeMethod(Invoker.java:639)
	at org.testng.internal.Invoker.invokeTestMethod(Invoker.java:816)
	at org.testng.internal.Invoker.invokeTestMethods(Invoker.java:1124)
	at org.testng.internal.TestMethodWorker.invokeTestMethods(TestMethodWorker.java:125)
	at org.testng.internal.TestMethodWorker.run(TestMethodWorker.java:108)
	at org.testng.TestRunner.privateRun(TestRunner.java:774)
	at org.testng.TestRunner.run(TestRunner.java:624)
	at org.testng.SuiteRunner.runTest(SuiteRunner.java:359)
	at org.testng.SuiteRunner.runSequentially(SuiteRunner.java:354)
	at org.testng.SuiteRunner.privateRun(SuiteRunner.java:312)
	at org.testng.SuiteRunner.run(SuiteRunner.java:261)
	at org.testng.SuiteRunnerWorker.runSuite(SuiteRunnerWorker.java:52)
	at org.testng.SuiteRunnerWorker.run(SuiteRunnerWorker.java:86)
	at org.testng.TestNG.runSuitesSequentially(TestNG.java:1215)
	at org.testng.TestNG.runSuitesLocally(TestNG.java:1140)
	at org.testng.TestNG.run(TestNG.java:1048)
	at org.testng.remote.AbstractRemoteTestNG.run(AbstractRemoteTestNG.java:114)
	at org.testng.remote.RemoteTestNG.initAndRun(RemoteTestNG.java:251)
	at org.testng.remote.RemoteTestNG.main(RemoteTestNG.java:77)
]]>
    </failure>
  </testcase> <!-- LoginBoxMsg -->
  <testcase name="TestTitle" time="0.023" classname="com.AdminLTE_Test.TestNGListener"/>
  <testcase name="CheckUserPanel" time="0.047" classname="com.AdminLTE_Test.TestNGListener"/>
  <testcase name="PasswordPlaceholderMsg" time="0.035" classname="com.AdminLTE_Test.TestNGListener"/>
  <testcase name="test_Background_Color_User_Registration" time="0.109" classname="com.AdminLTE_Test.TestNGListener"/>
  <testcase name="BlankEmailInvalidPassword" time="0.313" classname="com.AdminLTE_Test.TestNGListener"/>
  <testcase name="EmailErrorMsg" time="0.314" classname="com.AdminLTE_Test.TestNGListener"/>
  <testcase name="InvalidEmailBlankPassword" time="0.284" classname="com.AdminLTE_Test.TestNGListener"/>
  <testcase name="LoginLogotext" time="0.056" classname="com.AdminLTE_Test.TestNGListener"/>
  <testcase name="EmailPlaceholderMsg" time="0.038" classname="com.AdminLTE_Test.TestNGListener"/>
  <testcase name="test_Background_Color" time="0.078" classname="com.AdminLTE_Test.TestNGListener"/>
  <testcase name="ValidEmailInvalidPassword" time="0.302" classname="com.AdminLTE_Test.TestNGListener"/>
</testsuite> <!-- com.AdminLTE_Test.TestNGListener -->
